[35m[1mScanning dependencies of target geometry_msgs_generate_messages_py[0m
[35m[1mScanning dependencies of target std_msgs_generate_messages_py[0m
[35m[1mScanning dependencies of target geometry_msgs_generate_messages_lisp[0m
[35m[1mScanning dependencies of target geometry_msgs_generate_messages_cpp[0m
[35m[1mScanning dependencies of target kalman_3d[0m
[35m[1mScanning dependencies of target std_msgs_generate_messages_cpp[0m
[35m[1mScanning dependencies of target std_msgs_generate_messages_lisp[0m
[35m[1mScanning dependencies of target _visual_gps_generate_messages_check_deps_Transform[0m
[  0%] Built target std_msgs_generate_messages_py
[  0%] Built target std_msgs_generate_messages_cpp
[  0%] Built target std_msgs_generate_messages_lisp
[  0%] Built target geometry_msgs_generate_messages_py
[  0%] Built target geometry_msgs_generate_messages_lisp
[  0%] Built target geometry_msgs_generate_messages_cpp
[35m[1mScanning dependencies of target kalman_2d[0m
[  0%] Built target _visual_gps_generate_messages_check_deps_Transform
[35m[1mScanning dependencies of target visual_gps_generate_messages_lisp[0m
[35m[1mScanning dependencies of target visual_gps_generate_messages_cpp[0m
[35m[1mScanning dependencies of target visual_gps_generate_messages_py[0m
[  8%] [34m[1mGenerating Python from MSG visual_gps/Transform[0m
[ 25%] [34m[1mGenerating Lisp code from visual_gps/Transform.msg[0m
[ 25%] [34m[1mGenerating C++ code from visual_gps/Transform.msg[0m
[ 33%] [34m[1mGenerating Python msg __init__.py for visual_gps[0m
[ 33%] Built target visual_gps_generate_messages_lisp
[ 33%] Built target visual_gps_generate_messages_py
[ 33%] Built target visual_gps_generate_messages_cpp
[35m[1mScanning dependencies of target visual_gps_generate_messages[0m
[ 33%] Built target visual_gps_generate_messages
[ 41%] [32mBuilding CXX object CMakeFiles/kalman_3d.dir/src/kalman_3d.cpp.o[0m
[ 50%] [32mBuilding CXX object CMakeFiles/kalman_2d.dir/src/kalman_2d.cpp.o[0m
In file included from /opt/odroid-x2/sdk/opt/ros/indigo/include/ros/ros.h:38:0,
                 from /home/jesus/autoModel/model_car/catkin_ws/src/visual_gps/include/kalman_3d.h:5,
                 from /home/jesus/autoModel/model_car/catkin_ws/src/visual_gps/src/kalman_3d.cpp:1:
/opt/odroid-x2/sdk/opt/ros/indigo/include/ros/time.h:58:50: fatal error: boost/math/special_functions/round.hpp: No such file or directory
compilation terminated.
CMakeFiles/kalman_3d.dir/build.make:62: recipe for target 'CMakeFiles/kalman_3d.dir/src/kalman_3d.cpp.o' failed
make[2]: *** [CMakeFiles/kalman_3d.dir/src/kalman_3d.cpp.o] Error 1
CMakeFiles/Makefile2:1567: recipe for target 'CMakeFiles/kalman_3d.dir/all' failed
make[1]: *** [CMakeFiles/kalman_3d.dir/all] Error 2
make[1]: *** Waiting for unfinished jobs....
In file included from /opt/odroid-x2/sdk/opt/ros/indigo/include/ros/ros.h:38:0,
                 from /home/jesus/autoModel/model_car/catkin_ws/src/visual_gps/include/kalman_2d.h:5,
                 from /home/jesus/autoModel/model_car/catkin_ws/src/visual_gps/src/kalman_2d.cpp:1:
/opt/odroid-x2/sdk/opt/ros/indigo/include/ros/time.h:58:50: fatal error: boost/math/special_functions/round.hpp: No such file or directory
compilation terminated.
CMakeFiles/kalman_2d.dir/build.make:62: recipe for target 'CMakeFiles/kalman_2d.dir/src/kalman_2d.cpp.o' failed
make[2]: *** [CMakeFiles/kalman_2d.dir/src/kalman_2d.cpp.o] Error 1
CMakeFiles/Makefile2:1365: recipe for target 'CMakeFiles/kalman_2d.dir/all' failed
make[1]: *** [CMakeFiles/kalman_2d.dir/all] Error 2
Makefile:138: recipe for target 'all' failed
make: *** [all] Error 2
