[  0%] [  0%] [  0%] Built target std_msgs_generate_messages_lisp
Built target geometry_msgs_generate_messages_lisp
Built target geometry_msgs_generate_messages_cpp
[  0%] Built target std_msgs_generate_messages_cpp
[ 12%] [ 25%] [ 25%] [ 25%] [32mBuilding CXX object CMakeFiles/kalman_3d.dir/src/kalman_3d.cpp.o
[0mBuilt target std_msgs_generate_messages_py
Built target geometry_msgs_generate_messages_py
[32mBuilding CXX object CMakeFiles/kalman_2d.dir/src/kalman_2d.cpp.o
[0m[ 25%] Built target _visual_gps_generate_messages_check_deps_Transform
[ 37%] Built target visual_gps_generate_messages_cpp
[ 62%] [ 75%] Built target visual_gps_generate_messages_py
Built target visual_gps_generate_messages_lisp
[ 75%] Built target visual_gps_generate_messages
[31m[1mLinking CXX shared library /root/model_car/catkin_ws/devel/lib/libkalman_3d.so
[0m[31m[1mLinking CXX shared library /root/model_car/catkin_ws/devel/lib/libkalman_2d.so
[0m[ 75%] Built target kalman_3d
[ 75%] Built target kalman_2d
[35m[1mScanning dependencies of target visual_gps_3d_node
[35m[1mScanning dependencies of target visual_gps_2d_node
[0m[0m[ 87%] [32mBuilding CXX object CMakeFiles/visual_gps_3d_node.dir/src/visual_gps_3d_node.cpp.o
[0m[100%] [32mBuilding CXX object CMakeFiles/visual_gps_2d_node.dir/src/visual_gps_2d_node.cpp.o
[0m[31m[1mLinking CXX executable /root/model_car/catkin_ws/devel/lib/visual_gps/visual_gps_2d_node
[0m[100%] Built target visual_gps_2d_node
[31m[1mLinking CXX executable /root/model_car/catkin_ws/devel/lib/visual_gps/visual_gps_3d_node
[0m[100%] Built target visual_gps_3d_node
