[  0%] Built target geometry_msgs_generate_messages_py
[  0%] Built target geometry_msgs_generate_messages_lisp
[  0%] Built target std_msgs_generate_messages_lisp
[  0%] Built target std_msgs_generate_messages_py
[  0%] Built target std_msgs_generate_messages_cpp
[  0%] Built target geometry_msgs_generate_messages_cpp
[  8%] [32mBuilding CXX object CMakeFiles/kalman_3d.dir/src/kalman_3d.cpp.o[0m
[  8%] Built target _visual_gps_generate_messages_check_deps_Transform
[ 16%] [32mBuilding CXX object CMakeFiles/kalman_2d.dir/src/kalman_2d.cpp.o[0m
[ 33%] Built target visual_gps_generate_messages_py
[ 41%] Built target visual_gps_generate_messages_lisp
[ 50%] Built target visual_gps_generate_messages_cpp
[ 50%] Built target visual_gps_generate_messages
[ 58%] [32m[1mLinking CXX shared library /home/jesus/autoModel/model_car/catkin_ws/devel/lib/libkalman_2d.so[0m
[ 66%] [32m[1mLinking CXX shared library /home/jesus/autoModel/model_car/catkin_ws/devel/lib/libkalman_3d.so[0m
[ 66%] Built target kalman_2d
[35m[1mScanning dependencies of target visual_gps_2d_node[0m
[ 66%] Built target kalman_3d
[35m[1mScanning dependencies of target visual_gps_3d_node[0m
[ 75%] [32mBuilding CXX object CMakeFiles/visual_gps_2d_node.dir/src/visual_gps_2d_node.cpp.o[0m
[ 83%] [32mBuilding CXX object CMakeFiles/visual_gps_3d_node.dir/src/visual_gps_3d_node.cpp.o[0m
[ 91%] [32m[1mLinking CXX executable /home/jesus/autoModel/model_car/catkin_ws/devel/lib/visual_gps/visual_gps_2d_node[0m
[ 91%] Built target visual_gps_2d_node
[100%] [32m[1mLinking CXX executable /home/jesus/autoModel/model_car/catkin_ws/devel/lib/visual_gps/visual_gps_3d_node[0m
[100%] Built target visual_gps_3d_node
