[35m[1mScanning dependencies of target _cmvision_generate_messages_check_deps_Blob
[0m[  0%] Built target _cmvision_generate_messages_check_deps_Blob
[35m[1mScanning dependencies of target _cmvision_generate_messages_check_deps_Blobs
[0m[  0%] Built target _cmvision_generate_messages_check_deps_Blobs
[35m[1mScanning dependencies of target std_msgs_generate_messages_cpp
[0m[  0%] Built target std_msgs_generate_messages_cpp
[35m[1mScanning dependencies of target std_msgs_generate_messages_lisp
[0m[  0%] Built target std_msgs_generate_messages_lisp
[35m[1mScanning dependencies of target std_msgs_generate_messages_py
[0m[  0%] Built target std_msgs_generate_messages_py
[35m[1mScanning dependencies of target cmvision_generate_messages_cpp
[0m[  9%] [34m[1mGenerating C++ code from cmvision/Blob.msg
[0m[ 18%] [34m[1mGenerating C++ code from cmvision/Blobs.msg
[0m[35m[1mScanning dependencies of target cmvision_generate_messages_lisp
[0m[ 27%] [34m[1mGenerating Lisp code from cmvision/Blob.msg
[0m[ 36%] [34m[1mGenerating Lisp code from cmvision/Blobs.msg
[0m[ 36%] Built target cmvision_generate_messages_lisp
[ 36%] Built target cmvision_generate_messages_cpp
[35m[1mScanning dependencies of target cmvision_generate_messages_py
[0m[35m[1mScanning dependencies of target cmvision_gencpp
[0m[ 45%] [ 45%] Built target cmvision_gencpp
[34m[1mGenerating Python from MSG cmvision/Blob
[0m[35m[1mScanning dependencies of target cmvision
[ 54%] [34m[1mGenerating Python from MSG cmvision/Blobs
[0m[ 63%] [34m[1mGenerating Python msg __init__.py for cmvision
[0m[ 63%] Built target cmvision_generate_messages_py
[35m[1mScanning dependencies of target cmvision_generate_messages
[0m[ 63%] Built target cmvision_generate_messages
[0m[ 72%] [ 81%] [32mBuilding C object CMakeFiles/cmvision.dir/src/conversions.c.o
[0m[32mBuilding CXX object CMakeFiles/cmvision.dir/src/cmvision.cc.o
In file included from /opt/odroid-x2/compiler/bin/../arm-linux-gnueabihf/libc/usr/include/arm-linux-gnueabihf/sys/select.h:44:0,
                 from /opt/odroid-x2/compiler/bin/../arm-linux-gnueabihf/libc/usr/include/arm-linux-gnueabihf/sys/types.h:223,
                 from /opt/odroid-x2/sdk/usr/include/stdlib.h:314,
                 from /root/model_car/catkin_ws/src/cmvision/src/conversions.h:27,
                 from /root/model_car/catkin_ws/src/cmvision/src/conversions.c:21:
/opt/odroid-x2/sdk/usr/include/time.h:123:5: error: unknown type name ‘__syscall_slong_t’
In file included from /root/model_car/catkin_ws/src/cmvision/src/conversions.h:27:0,
                 from /root/model_car/catkin_ws/src/cmvision/src/conversions.c:21:
/opt/odroid-x2/sdk/usr/include/stdlib.h:955:31: fatal error: bits/stdlib-float.h: No such file or directory
compilation terminated.
In file included from /root/model_car/catkin_ws/src/cmvision/src/cmvision.h:33:0,
                 from /root/model_car/catkin_ws/src/cmvision/src/cmvision.cc:34:
/opt/odroid-x2/sdk/usr/include/stdlib.h:955:31: fatal error: bits/stdlib-float.h: No such file or directory
compilation terminated.
make[2]: *** [CMakeFiles/cmvision.dir/src/conversions.c.o] Error 1
make[2]: *** Waiting for unfinished jobs....
make[2]: *** [CMakeFiles/cmvision.dir/src/cmvision.cc.o] Error 1
make[1]: *** [CMakeFiles/cmvision.dir/all] Error 2
make: *** [all] Error 2
