[ 50%] Built target control_node
[100%] Built target control_wasd
[36mInstall the project...
[0m-- Install configuration: ""
-- Up-to-date: /root/model_car/catkin_ws/install/_setup_util.py
-- Up-to-date: /root/model_car/catkin_ws/install/env.sh
-- Up-to-date: /root/model_car/catkin_ws/install/setup.bash
-- Up-to-date: /root/model_car/catkin_ws/install/setup.sh
-- Up-to-date: /root/model_car/catkin_ws/install/setup.zsh
-- Up-to-date: /root/model_car/catkin_ws/install/.rosinstall
-- Installing: /root/model_car/catkin_ws/install/lib/pkgconfig/control.pc
-- Installing: /root/model_car/catkin_ws/install/share/control/cmake/controlConfig.cmake
-- Installing: /root/model_car/catkin_ws/install/share/control/cmake/controlConfig-version.cmake
-- Up-to-date: /root/model_car/catkin_ws/install/share/control/package.xml
-- Installing: /root/model_car/catkin_ws/install/lib/control/control_node
-- Removed runtime path from "/root/model_car/catkin_ws/install/lib/control/control_node"
-- Installing: /root/model_car/catkin_ws/install/lib/control/control_wasd
-- Removed runtime path from "/root/model_car/catkin_ws/install/lib/control/control_wasd"
-- Installing: /root/model_car/catkin_ws/install/share/control/launch
-- Up-to-date: /root/model_car/catkin_ws/install/share/control/launch/control.launch
-- Up-to-date: /root/model_car/catkin_ws/install/share/control/launch/control_wasd.launch
