[35m[1mScanning dependencies of target _fisheye_camera_matrix_msgs_generate_messages_check_deps_CameraMatrix
[0m[  0%] Built target _fisheye_camera_matrix_msgs_generate_messages_check_deps_CameraMatrix
[35m[1mScanning dependencies of target std_msgs_generate_messages_py
[0m[  0%] Built target std_msgs_generate_messages_py
[35m[1mScanning dependencies of target std_msgs_generate_messages_lisp
[0m[  0%] Built target std_msgs_generate_messages_lisp
[35m[1mScanning dependencies of target std_msgs_generate_messages_cpp
[0m[  0%] Built target std_msgs_generate_messages_cpp
[35m[1mScanning dependencies of target fisheye_camera_matrix_msgs_generate_messages_py
[0m[ 25%] [34m[1mGenerating Python from MSG fisheye_camera_matrix_msgs/CameraMatrix
[0m[ 50%] [34m[1mGenerating Python msg __init__.py for fisheye_camera_matrix_msgs
[0m[ 50%] Built target fisheye_camera_matrix_msgs_generate_messages_py
[35m[1mScanning dependencies of target fisheye_camera_matrix_msgs_generate_messages_lisp
[0m[ 75%] [34m[1mGenerating Lisp code from fisheye_camera_matrix_msgs/CameraMatrix.msg
[0m[ 75%] Built target fisheye_camera_matrix_msgs_generate_messages_lisp
[35m[1mScanning dependencies of target fisheye_camera_matrix_msgs_generate_messages_cpp
[0m[100%] [34m[1mGenerating C++ code from fisheye_camera_matrix_msgs/CameraMatrix.msg
[0m[100%] Built target fisheye_camera_matrix_msgs_generate_messages_cpp
[35m[1mScanning dependencies of target fisheye_camera_matrix_msgs_generate_messages
[0m[100%] Built target fisheye_camera_matrix_msgs_generate_messages
