Not searching for unused variables given on the command line.
[36m--[0m The C compiler identification is GNU 4.7.2
[36m--[0m The CXX compiler identification is GNU 4.7.2
[36m--[0m Check for working C compiler: /opt/odroid-x2/compiler/bin/arm-linux-gnueabihf-gcc
[36m--[0m Check for working C compiler: /opt/odroid-x2/compiler/bin/arm-linux-gnueabihf-gcc -- works
[36m--[0m Detecting C compiler ABI info
[36m--[0m Detecting C compiler ABI info - done
[36m--[0m Detecting C compile features
[36m--[0m Detecting C compile features - done
[36m--[0m Check for working CXX compiler: /opt/odroid-x2/compiler/bin/arm-linux-gnueabihf-g++
[36m--[0m Check for working CXX compiler: /opt/odroid-x2/compiler/bin/arm-linux-gnueabihf-g++ -- works
[36m--[0m Detecting CXX compiler ABI info
[36m--[0m Detecting CXX compiler ABI info - done
[36m--[0m Detecting CXX compile features
[36m--[0m Detecting CXX compile features - done
[31m[1mCMake Error[0m at /home/jesus/autoModel/model_car/catkin_ws/src/rplidar_ros/CMakeLists.txt:12 (find_package):
  By not providing "Findcatkin.cmake" in CMAKE_MODULE_PATH this project has
  asked CMake to find a package configuration file provided by "catkin", but
  CMake did not find one.

  Could not find a package configuration file provided by "catkin" with any
  of the following names:

    catkinConfig.cmake
    catkin-config.cmake

  Add the installation prefix of "catkin" to CMAKE_PREFIX_PATH or set
  "catkin_DIR" to a directory containing one of the above files.  If "catkin"
  provides a separate development package or SDK, be sure it has been
  installed.


[36m--[0m Configuring incomplete, errors occurred!
See also "/home/jesus/autoModel/model_car/catkin_ws/build/rplidar_ros/CMakeFiles/CMakeOutput.log".
