[  0%] Built target std_msgs_generate_messages_cpp
[  0%] Built target sensor_msgs_generate_messages_py
[  0%] Built target geometry_msgs_generate_messages_lisp
[  0%] Built target sensor_msgs_generate_messages_lisp
[  0%] Built target sensor_msgs_generate_messages_cpp
[  0%] Built target geometry_msgs_generate_messages_cpp
[  0%] Built target geometry_msgs_generate_messages_py
[  0%] Built target std_msgs_generate_messages_py
[  0%] Built target std_msgs_generate_messages_lisp
[ 50%] Built target cv_bridge
[100%] Built target cv_bridge_boost
[36mInstall the project...
[0m-- Install configuration: ""
-- Installing: /root/model_car/catkin_ws/install/_setup_util.py
-- Installing: /root/model_car/catkin_ws/install/env.sh
-- Installing: /root/model_car/catkin_ws/install/setup.bash
-- Installing: /root/model_car/catkin_ws/install/setup.sh
-- Installing: /root/model_car/catkin_ws/install/setup.zsh
-- Installing: /root/model_car/catkin_ws/install/.rosinstall
-- Up-to-date: /root/model_car/catkin_ws/install/lib/pkgconfig/cv_bridge.pc
-- Up-to-date: /root/model_car/catkin_ws/install/share/cv_bridge/cmake/cv_bridgeConfig.cmake
-- Up-to-date: /root/model_car/catkin_ws/install/share/cv_bridge/cmake/cv_bridgeConfig-version.cmake
-- Up-to-date: /root/model_car/catkin_ws/install/share/cv_bridge/package.xml
+ cd /root/model_car/catkin_ws/src/cv_bridge
+ mkdir -p /root/model_car/catkin_ws/install/lib/python2.7/dist-packages
+ /usr/bin/env PYTHONPATH=/root/model_car/catkin_ws/install/lib/python2.7/dist-packages:/root/model_car/catkin_ws/build/cv_bridge/lib/python2.7/dist-packages:/root/model_car/catkin_ws/install/lib/python2.7/dist-packages:/opt/odroid-x2/sdk/opt/ros/indigo/lib/python2.7/dist-packages:/opt/odroid-x2/sdk//opt/ros/indigo/lib/python2.7/dist-packages CATKIN_BINARY_DIR=/root/model_car/catkin_ws/build/cv_bridge /usr/bin/python /root/model_car/catkin_ws/src/cv_bridge/setup.py build --build-base /root/model_car/catkin_ws/build/cv_bridge install --install-layout=deb --prefix=/root/model_car/catkin_ws/install --install-scripts=/root/model_car/catkin_ws/install/bin
running build
running build_py
running install
running install_lib
running install_egg_info
Removing /root/model_car/catkin_ws/install/lib/python2.7/dist-packages/cv_bridge-1.12.0.egg-info
Writing /root/model_car/catkin_ws/install/lib/python2.7/dist-packages/cv_bridge-1.12.0.egg-info
-- Installing: /root/model_car/catkin_ws/install/include/cv_bridge
-- Up-to-date: /root/model_car/catkin_ws/install/include/cv_bridge/cv_bridge.h
-- Up-to-date: /root/model_car/catkin_ws/install/include/cv_bridge/rgb_colors.h
-- Up-to-date: /root/model_car/catkin_ws/install/lib/python2.7/dist-packages/cv_bridge/boost/__init__.py
-- Up-to-date: /root/model_car/catkin_ws/install/lib/libcv_bridge.so
-- Up-to-date: /root/model_car/catkin_ws/install/lib/python2.7/dist-packages/cv_bridge/boost/cv_bridge_boost.so
