Not searching for unused variables given on the command line.
[36m--[0m Using CATKIN_DEVEL_PREFIX: /home/jesus/autoModel/model_car/catkin_ws/devel
[36m--[0m Using CMAKE_PREFIX_PATH: /home/jesus/autoModel/model_car/catkin_ws/install;/opt/odroid-x2/sdk/opt/ros/indigo;/opt/odroid-x2/sdk//opt/ros/indigo
[36m--[0m This workspace overlays: /home/jesus/autoModel/model_car/catkin_ws/install;/opt/odroid-x2/sdk/opt/ros/indigo;/opt/odroid-x2/sdk//opt/ros/indigo
[36m--[0m Using PYTHON_EXECUTABLE: /usr/bin/python
[36m--[0m Using Debian Python package layout
[36m--[0m Using empy: /usr/bin/empy
[36m--[0m Using CATKIN_ENABLE_TESTING: ON
[36m--[0m Call enable_testing()
[36m--[0m Using CATKIN_TEST_RESULTS_DIR: /home/jesus/autoModel/model_car/catkin_ws/build/realsense_camera/test_results
[36m--[0m Found gtest sources under '/usr/src/gtest': gtests will be built
[36m--[0m Using Python nosetests: /usr/bin/nosetests-2.7
[36m--[0m catkin 0.6.18
[36m--[0m Using these message generators: gencpp;genlisp;genpy
[31m[1mCMake Error[0m at /opt/odroid-x2/sdk/opt/ros/indigo/share/pcl_ros/cmake/pcl_rosConfig.cmake:106 (message):
  Project 'pcl_ros' specifies '/usr/include/vtk-5.8' as an include dir, which
  is not found.  It does neither exist as an absolute directory nor in
  '/opt/odroid-x2/sdk//opt/ros/indigo//usr/include/vtk-5.8'.  Ask the
  maintainer 'Paul Bovbel <paul@@bovbel.com>, Bill Morris
  <bill@@neautomation.com>' to fix it.
[36mCall Stack (most recent call first):[0m
  /opt/odroid-x2/sdk/opt/ros/indigo/share/catkin/cmake/catkinConfig.cmake:76 (find_package)
  CMakeLists.txt:16 (find_package)


[36m--[0m Configuring incomplete, errors occurred!
See also "/home/jesus/autoModel/model_car/catkin_ws/build/realsense_camera/CMakeFiles/CMakeOutput.log".
See also "/home/jesus/autoModel/model_car/catkin_ws/build/realsense_camera/CMakeFiles/CMakeError.log".
