Not searching for unused variables given on the command line.
[36m--[0m Boost version: 1.54.0
[36m--[0m Found the following Boost libraries:
[36m--[0m   system
[36m--[0m   filesystem
[36m--[0m   thread
[36m--[0m   date_time
[36m--[0m   iostreams
[36m--[0m   mpi
[36m--[0m   serialization
[36m--[0m   chrono
[36m--[0m   atomic
[36m--[0m   regex
[36m--[0m Checking for module 'openni-dev'
[36m--[0m   No package 'openni-dev' found
[36m--[0m The imported target "vtkWrapTcl" references the file
   "/opt/odroid-x2/sdk/usr/bin/vtkWrapTcl"
but this file does not exist.  Possible reasons include:
* The file was deleted, renamed, or moved to another location.
* An install or uninstall procedure did not complete successfully.
* The installation package was faulty and contained
   "/opt/odroid-x2/sdk/usr/lib/vtk-5.8/VTKTargets.cmake"
but not all the files it references.

[36m--[0m The imported target "vtkWrapTclInit" references the file
   "/opt/odroid-x2/sdk/usr/bin/vtkWrapTclInit"
but this file does not exist.  Possible reasons include:
* The file was deleted, renamed, or moved to another location.
* An install or uninstall procedure did not complete successfully.
* The installation package was faulty and contained
   "/opt/odroid-x2/sdk/usr/lib/vtk-5.8/VTKTargets.cmake"
but not all the files it references.

[36m--[0m The imported target "vtkWrapPython" references the file
   "/opt/odroid-x2/sdk/usr/bin/vtkWrapPython"
but this file does not exist.  Possible reasons include:
* The file was deleted, renamed, or moved to another location.
* An install or uninstall procedure did not complete successfully.
* The installation package was faulty and contained
   "/opt/odroid-x2/sdk/usr/lib/vtk-5.8/VTKTargets.cmake"
but not all the files it references.

[36m--[0m The imported target "vtkWrapPythonInit" references the file
   "/opt/odroid-x2/sdk/usr/bin/vtkWrapPythonInit"
but this file does not exist.  Possible reasons include:
* The file was deleted, renamed, or moved to another location.
* An install or uninstall procedure did not complete successfully.
* The installation package was faulty and contained
   "/opt/odroid-x2/sdk/usr/lib/vtk-5.8/VTKTargets.cmake"
but not all the files it references.

[36m--[0m The imported target "vtkParseJava" references the file
   "/opt/odroid-x2/sdk/usr/bin/vtkParseJava"
but this file does not exist.  Possible reasons include:
* The file was deleted, renamed, or moved to another location.
* An install or uninstall procedure did not complete successfully.
* The installation package was faulty and contained
   "/opt/odroid-x2/sdk/usr/lib/vtk-5.8/VTKTargets.cmake"
but not all the files it references.

[36m--[0m The imported target "vtkWrapJava" references the file
   "/opt/odroid-x2/sdk/usr/bin/vtkWrapJava"
but this file does not exist.  Possible reasons include:
* The file was deleted, renamed, or moved to another location.
* An install or uninstall procedure did not complete successfully.
* The installation package was faulty and contained
   "/opt/odroid-x2/sdk/usr/lib/vtk-5.8/VTKTargets.cmake"
but not all the files it references.

[36m--[0m The imported target "vtkEncodeString" references the file
   "/opt/odroid-x2/sdk/usr/bin/vtkEncodeString"
but this file does not exist.  Possible reasons include:
* The file was deleted, renamed, or moved to another location.
* An install or uninstall procedure did not complete successfully.
* The installation package was faulty and contained
   "/opt/odroid-x2/sdk/usr/lib/vtk-5.8/VTKTargets.cmake"
but not all the files it references.

[36m--[0m The imported target "vtk" references the file
   "/opt/odroid-x2/sdk/usr/bin/vtk"
but this file does not exist.  Possible reasons include:
* The file was deleted, renamed, or moved to another location.
* An install or uninstall procedure did not complete successfully.
* The installation package was faulty and contained
   "/opt/odroid-x2/sdk/usr/lib/vtk-5.8/VTKTargets.cmake"
but not all the files it references.

[36m--[0m The imported target "pvtk" references the file
   "/opt/odroid-x2/sdk/usr/bin/pvtk"
but this file does not exist.  Possible reasons include:
* The file was deleted, renamed, or moved to another location.
* An install or uninstall procedure did not complete successfully.
* The installation package was faulty and contained
   "/opt/odroid-x2/sdk/usr/lib/vtk-5.8/VTKTargets.cmake"
but not all the files it references.

[36m--[0m Checking for module 'openni-dev'
[36m--[0m   No package 'openni-dev' found
[36m--[0m Checking for module 'openni-dev'
[36m--[0m   No package 'openni-dev' found
[36m--[0m looking for PCL_COMMON
[36m--[0m looking for PCL_KDTREE
[36m--[0m looking for PCL_OCTREE
[36m--[0m looking for PCL_SEARCH
[36m--[0m looking for PCL_SAMPLE_CONSENSUS
[36m--[0m looking for PCL_FILTERS
[36m--[0m looking for PCL_FEATURES
[36m--[0m looking for PCL_IO
[36m--[0m looking for PCL_GEOMETRY
[36m--[0m looking for PCL_VISUALIZATION
[36m--[0m looking for PCL_SEGMENTATION
[36m--[0m looking for PCL_PEOPLE
[36m--[0m looking for PCL_SURFACE
[36m--[0m looking for PCL_REGISTRATION
[36m--[0m looking for PCL_KEYPOINTS
[36m--[0m looking for PCL_TRACKING
[36m--[0m looking for PCL_RECOGNITION
[36m--[0m looking for PCL_APPS
[36m--[0m looking for PCL_OUTOFCORE
[36m--[0m Using CATKIN_DEVEL_PREFIX: /home/jesus/autoModel/model_car/catkin_ws/devel
[36m--[0m Using CMAKE_PREFIX_PATH: /home/jesus/autoModel/model_car/catkin_ws/install;/opt/odroid-x2/sdk/opt/ros/indigo;/opt/odroid-x2/sdk//opt/ros/indigo
[36m--[0m This workspace overlays: /home/jesus/autoModel/model_car/catkin_ws/install;/opt/odroid-x2/sdk/opt/ros/indigo;/opt/odroid-x2/sdk//opt/ros/indigo
[36m--[0m Using PYTHON_EXECUTABLE: /usr/bin/python
[36m--[0m Using Debian Python package layout
[36m--[0m Using empy: /usr/bin/empy
[36m--[0m Using CATKIN_ENABLE_TESTING: ON
[36m--[0m Call enable_testing()
[36m--[0m Using CATKIN_TEST_RESULTS_DIR: /home/jesus/autoModel/model_car/catkin_ws/build/line_detection_fu/test_results
[36m--[0m Found gtest sources under '/usr/src/gtest': gtests will be built
[36m--[0m Using Python nosetests: /usr/bin/nosetests-2.7
[36m--[0m catkin 0.6.18
[31m[1mCMake Error[0m at /opt/odroid-x2/sdk/opt/ros/indigo/share/pcl_ros/cmake/pcl_rosConfig.cmake:106 (message):
  Project 'pcl_ros' specifies '/usr/include/vtk-5.8' as an include dir, which
  is not found.  It does neither exist as an absolute directory nor in
  '/opt/odroid-x2/sdk//opt/ros/indigo//usr/include/vtk-5.8'.  Ask the
  maintainer 'Paul Bovbel <paul@@bovbel.com>, Bill Morris
  <bill@@neautomation.com>' to fix it.
[36mCall Stack (most recent call first):[0m
  /opt/odroid-x2/sdk/opt/ros/indigo/share/catkin/cmake/catkinConfig.cmake:76 (find_package)
  CMakeLists.txt:9 (find_package)


[36m--[0m Configuring incomplete, errors occurred!
See also "/home/jesus/autoModel/model_car/catkin_ws/build/line_detection_fu/CMakeFiles/CMakeOutput.log".
See also "/home/jesus/autoModel/model_car/catkin_ws/build/line_detection_fu/CMakeFiles/CMakeError.log".
