[36m--[0m Boost version: 1.54.0
[36m--[0m Found the following Boost libraries:
[36m--[0m   system
[36m--[0m   filesystem
[36m--[0m   thread
[36m--[0m   date_time
[36m--[0m   iostreams
[36m--[0m   mpi
[36m--[0m   serialization
[36m--[0m checking for module 'openni-dev'
[36m--[0m   package 'openni-dev' not found
[36m--[0m checking for module 'openni-dev'
[36m--[0m   package 'openni-dev' not found
[36m--[0m checking for module 'openni-dev'
[36m--[0m   package 'openni-dev' not found
[36m--[0m looking for PCL_COMMON
[36m--[0m looking for PCL_KDTREE
[36m--[0m looking for PCL_OCTREE
[36m--[0m looking for PCL_SEARCH
[36m--[0m looking for PCL_SAMPLE_CONSENSUS
[36m--[0m looking for PCL_FILTERS
[36m--[0m looking for PCL_FEATURES
[36m--[0m looking for PCL_IO
[36m--[0m looking for PCL_GEOMETRY
[36m--[0m looking for PCL_VISUALIZATION
[36m--[0m looking for PCL_SEGMENTATION
[36m--[0m looking for PCL_PEOPLE
[36m--[0m looking for PCL_SURFACE
[36m--[0m looking for PCL_REGISTRATION
[36m--[0m looking for PCL_KEYPOINTS
[36m--[0m looking for PCL_TRACKING
[36m--[0m looking for PCL_RECOGNITION
[36m--[0m looking for PCL_APPS
[36m--[0m looking for PCL_OUTOFCORE
[36m--[0m Using CATKIN_DEVEL_PREFIX: /root/model_car/catkin_ws/devel
[36m--[0m Using CMAKE_PREFIX_PATH: /root/model_car/catkin_ws/install;/opt/odroid-x2/sdk/opt/ros/indigo;/opt/odroid-x2/sdk//opt/ros/indigo
[36m--[0m This workspace overlays: /root/model_car/catkin_ws/install;/opt/odroid-x2/sdk/opt/ros/indigo;/opt/odroid-x2/sdk//opt/ros/indigo
[36m--[0m Using PYTHON_EXECUTABLE: /usr/bin/python
[36m--[0m Using Debian Python package layout
[36m--[0m Using empy: /usr/bin/empy
[36m--[0m Using CATKIN_ENABLE_TESTING: ON
[36m--[0m Call enable_testing()
[36m--[0m Using CATKIN_TEST_RESULTS_DIR: /root/model_car/catkin_ws/build/line_detection_fu/test_results
[36m--[0m Found gtest sources under '/usr/src/gtest': gtests will be built
[36m--[0m Using Python nosetests: /usr/bin/nosetests-2.7
[36m--[0m catkin 0.6.18
[36m--[0m Using these message generators: gencpp;genlisp;genpy
[36m--[0m Configuring done
[36m--[0m Generating done
[36m--[0m Build files have been written to: /root/model_car/catkin_ws/build/line_detection_fu
